  0.000000000000E+00  0.00000000E+00  0.00000000E+00  0.00000000E+00  0.00000000E+00  0.00000000E+00  0.00000000E+00  0.00000000E+00  0.00000000E+00
  1.000000000000E-03  2.89242210E+00  2.12912793E-01  7.36689849E-07  1.06828665E-07  2.89242210E+00  2.12912793E-01  7.36689849E-07  1.06828665E-07
  2.000000000000E-03  7.45579487E+00  2.04392871E+00  1.26804218E-05  9.93740566E-06  7.45579487E+00  2.04392871E+00  1.26804218E-05  9.93740566E-06
  3.000000000000E-03  1.07456140E+01  5.72752218E+00  2.54034089E-05  6.20732425E-05  1.07456140E+01  5.72752218E+00  2.54034089E-05  6.20732425E-05
  4.000000000000E-03  1.27181759E+01  9.84240642E+00  2.16779771E-05  1.27040715E-04  1.27181759E+01  9.84240642E+00  2.16779771E-05  1.27040715E-04
  5.000000000000E-03  1.39693907E+01  1.32048686E+01  2.15696423E-05  1.55610927E-04  1.39693907E+01  1.32048686E+01  2.15696423E-05  1.55610927E-04
  6.000000000000E-03  1.50618178E+01  1.53002810E+01  3.66963550E-05  1.67675593E-04  1.50618178E+01  1.53002810E+01  3.66963550E-05  1.67675593E-04
  7.000000000000E-03  1.63540863E+01  1.61879351E+01  5.78916017E-05  2.01617841E-04  1.63540863E+01  1.61879351E+01  5.78916017E-05  2.01617841E-04
  8.000000000000E-03  1.79268210E+01  1.63479206E+01  7.50137944E-05  2.73601479E-04  1.79268210E+01  1.63479206E+01  7.50137944E-05  2.73601479E-04
  9.000000000000E-03  1.97248448E+01  1.63560821E+01  9.50019456E-05  3.81817628E-04  1.97248448E+01  1.63560821E+01  9.50019456E-05  3.81817628E-04
  1.000000000000E-02  2.17160066E+01  1.66180965E+01  1.19548052E-04  5.36093312E-04  2.17160066E+01  1.66180965E+01  1.19548052E-04  5.36093312E-04
  1.100000000000E-02  2.39315683E+01  1.73122576E+01  1.48002447E-04  7.49249652E-04  2.39315683E+01  1.73122576E+01  1.48002447E-04  7.49249652E-04
  1.200000000000E-02  2.64364606E+01  1.84610887E+01  1.86978782E-04  1.02638593E-03  2.64364606E+01  1.84610887E+01  1.86978782E-04  1.02638593E-03
  1.300000000000E-02  2.92955497E+01  2.00224605E+01  2.42284827E-04  1.37906275E-03  2.92955497E+01  2.00224605E+01  2.42284827E-04  1.37906275E-03
  1.400000000000E-02  3.25593678E+01  2.19499338E+01  3.16737865E-04  1.83879337E-03  3.25593678E+01  2.19499338E+01  3.16737865E-04  1.83879337E-03
  1.500000000000E-02  3.62677405E+01  2.42159880E+01  4.13003491E-04  2.45575814E-03  3.62677405E+01  2.42159880E+01  4.13003491E-04  2.45575814E-03
  1.600000000000E-02  4.04593229E+01  2.68136285E+01  5.31205233E-04  3.28733682E-03  4.04593229E+01  2.68136285E+01  5.31205233E-04  3.28733682E-03
  1.700000000000E-02  4.51772724E+01  2.97527149E+01  6.70204234E-04  4.39087838E-03  4.51772724E+01  2.97527149E+01  6.70204234E-04  4.39087838E-03
  1.800000000000E-02  5.04696649E+01  3.30571890E+01  8.34328166E-04  5.83584838E-03  5.04696649E+01  3.30571890E+01  8.34328166E-04  5.83584838E-03
  1.900000000000E-02  5.63878489E+01  3.67625822E+01  1.03042531E-03  7.72970354E-03  5.63878489E+01  3.67625822E+01  1.03042531E-03  7.72970354E-03
  2.000000000000E-02  6.29855893E+01  4.09125979E+01  1.26529537E-03  1.02193098E-02  6.29855893E+01  4.09125979E+01  1.26529537E-03  1.02193098E-02
  2.100000000000E-02  7.03198442E+01  4.55552696E+01  1.54762824E-03  1.34736948E-02  7.03198442E+01  4.55552696E+01  1.54762824E-03  1.34736948E-02
  2.200000000000E-02  7.84525593E+01  5.07401618E+01  1.89077459E-03  1.76870206E-02  7.84525593E+01  5.07401618E+01  1.89077459E-03  1.76870206E-02
  2.300000000000E-02  8.74525404E+01  5.65176068E+01  2.31248904E-03  2.31115371E-02  8.74525404E+01  5.65176068E+01  2.31248904E-03  2.31115371E-02
  2.400000000000E-02  9.73969130E+01  6.29398263E+01  2.83080495E-03  3.00846411E-02  9.73969130E+01  6.29398263E+01  2.83080495E-03  3.00846411E-02
  2.500000000000E-02  1.08372167E+02  7.00629958E+01  3.46139603E-03  3.90210610E-02  1.08372167E+02  7.00629958E+01  3.46139603E-03  3.90210610E-02
  0.000000000000E+00  0.00000000E+00  0.00000000E+00  0.00000000E+00  0.00000000E+00  0.00000000E+00  0.00000000E+00  0.00000000E+00  0.00000000E+00
  1.000000000000E-03  2.89242210E+00  2.12912793E-01  7.36689851E-07  1.06828665E-07  2.89242210E+00  2.12912793E-01  7.36689851E-07  1.06828665E-07
  2.000000000000E-03  7.45579487E+00  2.04392871E+00  1.26804218E-05  9.93740567E-06  7.45579487E+00  2.04392871E+00  1.26804218E-05  9.93740567E-06
  3.000000000000E-03  1.07456140E+01  5.72752218E+00  2.54034087E-05  6.20732424E-05  1.07456140E+01  5.72752218E+00  2.54034087E-05  6.20732424E-05
  4.000000000000E-03  1.27181759E+01  9.84240642E+00  2.16779772E-05  1.27040715E-04  1.27181759E+01  9.84240642E+00  2.16779772E-05  1.27040715E-04
  5.000000000000E-03  1.39693907E+01  1.32048686E+01  2.15696421E-05  1.55610927E-04  1.39693907E+01  1.32048686E+01  2.15696421E-05  1.55610927E-04
  6.000000000000E-03  1.50618178E+01  1.53002810E+01  3.66963544E-05  1.67675593E-04  1.50618178E+01  1.53002810E+01  3.66963544E-05  1.67675593E-04
  7.000000000000E-03  1.63540863E+01  1.61879351E+01  5.78916017E-05  2.01617841E-04  1.63540863E+01  1.61879351E+01  5.78916017E-05  2.01617841E-04
  8.000000000000E-03  1.79268210E+01  1.63479206E+01  7.50137958E-05  2.73601478E-04  1.79268210E+01  1.63479206E+01  7.50137958E-05  2.73601478E-04
  9.000000000000E-03  1.97248448E+01  1.63560821E+01  9.50019485E-05  3.81817628E-04  1.97248448E+01  1.63560821E+01  9.50019485E-05  3.81817628E-04
  1.000000000000E-02  2.17160066E+01  1.66180965E+01  1.19548056E-04  5.36093314E-04  2.17160066E+01  1.66180965E+01  1.19548056E-04  5.36093314E-04
  1.100000000000E-02  2.39315683E+01  1.73122576E+01  1.48002453E-04  7.49249658E-04  2.39315683E+01  1.73122576E+01  1.48002453E-04  7.49249658E-04
  1.200000000000E-02  2.64364606E+01  1.84610888E+01  1.86978789E-04  1.02638594E-03  2.64364606E+01  1.84610888E+01  1.86978789E-04  1.02638594E-03
  1.300000000000E-02  2.92955497E+01  2.00224605E+01  2.42284835E-04  1.37906277E-03  2.92955497E+01  2.00224605E+01  2.42284835E-04  1.37906277E-03
  1.400000000000E-02  3.25593679E+01  2.19499338E+01  3.16737877E-04  1.83879340E-03  3.25593679E+01  2.19499338E+01  3.16737877E-04  1.83879340E-03
  1.500000000000E-02  3.62677406E+01  2.42159880E+01  4.13003508E-04  2.45575819E-03  3.62677406E+01  2.42159880E+01  4.13003508E-04  2.45575819E-03
  1.600000000000E-02  4.04593229E+01  2.68136286E+01  5.31205257E-04  3.28733690E-03  4.04593229E+01  2.68136286E+01  5.31205257E-04  3.28733690E-03
  1.700000000000E-02  4.51772725E+01  2.97527149E+01  6.70204266E-04  4.39087850E-03  4.51772725E+01  2.97527149E+01  6.70204266E-04  4.39087850E-03
  1.800000000000E-02  5.04696650E+01  3.30571890E+01  8.34328206E-04  5.83584856E-03  5.04696650E+01  3.30571890E+01  8.34328206E-04  5.83584856E-03
  1.900000000000E-02  5.63878490E+01  3.67625823E+01  1.03042536E-03  7.72970379E-03  5.63878490E+01  3.67625823E+01  1.03042536E-03  7.72970379E-03
  2.000000000000E-02  6.29855893E+01  4.09125979E+01  1.26529544E-03  1.02193102E-02  6.29855893E+01  4.09125979E+01  1.26529544E-03  1.02193102E-02
  2.100000000000E-02  7.03198443E+01  4.55552697E+01  1.54762832E-03  1.34736953E-02  7.03198443E+01  4.55552697E+01  1.54762832E-03  1.34736953E-02
  2.200000000000E-02  7.84525594E+01  5.07401619E+01  1.89077469E-03  1.76870213E-02  7.84525594E+01  5.07401619E+01  1.89077469E-03  1.76870213E-02
  2.300000000000E-02  8.74525405E+01  5.65176069E+01  2.31248917E-03  2.31115380E-02  8.74525405E+01  5.65176069E+01  2.31248917E-03  2.31115380E-02
  2.400000000000E-02  9.73969132E+01  6.29398264E+01  2.83080511E-03  3.00846423E-02  9.73969132E+01  6.29398264E+01  2.83080511E-03  3.00846423E-02
  2.500000000000E-02  1.08372167E+02  7.00629959E+01  3.46139622E-03  3.90210626E-02  1.08372167E+02  7.00629959E+01  3.46139622E-03  3.90210626E-02
  0.000000000000E+00  0.00000000E+00  0.00000000E+00  0.00000000E+00  0.00000000E+00  0.00000000E+00  0.00000000E+00  0.00000000E+00  0.00000000E+00
  1.000000000000E-03  2.89239992E+00  2.12907919E-01  7.36615631E-07  1.06825813E-07  2.89239992E+00  2.12907919E-01  7.36615631E-07  1.06825813E-07
  2.000000000000E-03  7.45563327E+00  2.04388192E+00  1.26792562E-05  9.93741142E-06  7.45563327E+00  2.04388192E+00  1.26792562E-05  9.93741142E-06
  3.000000000000E-03  1.07451098E+01  5.72736816E+00  2.54011850E-05  6.20736578E-05  1.07451098E+01  5.72736816E+00  2.54011850E-05  6.20736578E-05
  4.000000000000E-03  1.27171175E+01  9.84206576E+00  2.16892442E-05  1.27035838E-04  1.27171175E+01  9.84206576E+00  2.16892442E-05  1.27035838E-04
  5.000000000000E-03  1.39675706E+01  1.32042507E+01  2.16380066E-05  1.55601650E-04  1.39675706E+01  1.32042507E+01  2.16380066E-05  1.55601650E-04
  6.000000000000E-03  1.50590224E+01  1.52992624E+01  3.68443475E-05  1.67733725E-04  1.50590224E+01  1.52992624E+01  3.68443475E-05  1.67733725E-04
  7.000000000000E-03  1.63500870E+01  1.61863552E+01  5.80564309E-05  2.01866096E-04  1.63500870E+01  1.61863552E+01  5.80564309E-05  2.01866096E-04
  8.000000000000E-03  1.79213479E+01  1.63456124E+01  7.51198749E-05  2.74061984E-04  1.79213479E+01  1.63456124E+01  7.51198749E-05  2.74061984E-04
  9.000000000000E-03  1.97175610E+01  1.63528907E+01  9.50469699E-05  3.82381714E-04  1.97175610E+01  1.63528907E+01  9.50469699E-05  3.82381714E-04
  1.000000000000E-02  2.17065020E+01  1.66138620E+01  1.19542708E-04  5.36670834E-04  2.17065020E+01  1.66138620E+01  1.19542708E-04  5.36670834E-04
  1.100000000000E-02  2.39193649E+01  1.73067851E+01  1.47936642E-04  7.49810243E-04  2.39193649E+01  1.73067851E+01  1.47936642E-04  7.49810243E-04
  1.200000000000E-02  2.64210173E+01  1.84541306E+01  1.86850430E-04  1.02689837E-03  2.64210173E+01  1.84541306E+01  1.86850430E-04  1.02689837E-03
  1.300000000000E-02  2.92762620E+01  2.00137132E+01  2.42073275E-04  1.37948852E-03  2.92762620E+01  2.00137132E+01  2.42073275E-04  1.37948852E-03
  1.400000000000E-02  3.25355606E+01  2.19390416E+01  3.16390220E-04  1.83903914E-03  3.25355606E+01  2.19390416E+01  3.16390220E-04  1.83903914E-03
  1.500000000000E-02  3.62386561E+01  2.42025455E+01  4.12447811E-04  2.45559996E-03  3.62386561E+01  2.42025455E+01  4.12447811E-04  2.45559996E-03
  1.600000000000E-02  4.04241075E+01  2.67971774E+01  5.30354521E-04  3.28641303E-03  4.04241075E+01  2.67971774E+01  5.30354521E-04  3.28641303E-03
  1.700000000000E-02  4.51349633E+01  2.97327355E+01  6.68960942E-04  4.38870954E-03  4.51349633E+01  2.97327355E+01  6.68960942E-04  4.38870954E-03
  1.800000000000E-02  5.04191765E+01  3.30330894E+01  8.32582249E-04  5.83179012E-03  5.04191765E+01  3.30330894E+01  8.32582249E-04  5.83179012E-03
  1.900000000000E-02  5.63279584E+01  3.67336870E+01  1.02804617E-03  7.72282049E-03  5.63279584E+01  3.67336870E+01  1.02804617E-03  7.72282049E-03
  2.000000000000E-02  6.29149203E+01  4.08781366E+01  1.26212589E-03  1.02082628E-02  6.29149203E+01  4.08781366E+01  1.26212589E-03  1.02082628E-02
  2.100000000000E-02  7.02368498E+01  4.55143652E+01  1.54348428E-03  1.34566807E-02  7.02368498E+01  4.55143652E+01  1.54348428E-03  1.34566807E-02
  2.200000000000E-02  7.83555035E+01  5.06918184E+01  1.88542369E-03  1.76616908E-02  7.83555035E+01  5.06918184E+01  1.88542369E-03  1.76616908E-02
  2.300000000000E-02  8.73394790E+01  5.64606965E+01  2.30562224E-03  2.30747811E-02  8.73394790E+01  5.64606965E+01  2.30562224E-03  2.30747811E-02
  2.400000000000E-02  9.72656718E+01  6.28730756E+01  2.82202638E-03  3.00322642E-02  9.72656718E+01  6.28730756E+01  2.82202638E-03  3.00322642E-02
  2.500000000000E-02  1.08220318E+02  6.99849713E+01  3.45022240E-03  3.89474825E-02  1.08220318E+02  6.99849713E+01  3.45022240E-03  3.89474825E-02
