  0.000000000000E+00  1.59876538E+05  2.30320815E+05  1.59876538E+05  2.30320815E+05  4.42324333E+04  4.42324333E+04  1.59876538E+05  2.30320815E+05  1.59876538E+05  2.30320815E+05  0.00000000E+00  0.00000000E+00
  5.000000000000E-05  1.59910108E+05  2.27056679E+05  1.59909684E+05  2.27056609E+05  4.29234927E+04  4.29234920E+04  1.59910108E+05  2.27056679E+05  1.59909684E+05  2.27056609E+05  0.00000000E+00  0.00000000E+00
  1.000000000000E-04  1.59756903E+05  2.23899584E+05  1.59749884E+05  2.23898425E+05  4.19664455E+04  4.19664339E+04  1.59756903E+05  2.23899584E+05  1.59749884E+05  2.23898425E+05  0.00000000E+00  0.00000000E+00
  1.500000000000E-04  1.59567791E+05  2.20962419E+05  1.59533539E+05  2.20955772E+05  4.11945781E+04  4.11945153E+04  1.59567791E+05  2.20962419E+05  1.59533539E+05  2.20955772E+05  0.00000000E+00  0.00000000E+00
  2.000000000000E-04  1.59393989E+05  2.18359516E+05  1.59291612E+05  2.18334366E+05  4.05445716E+04  4.05443589E+04  1.59393989E+05  2.18359516E+05  1.59291612E+05  2.18334366E+05  0.00000000E+00  0.00000000E+00
  2.500000000000E-04  1.59282093E+05  2.16162323E+05  1.59047659E+05  2.16089197E+05  3.99794329E+04  3.99788869E+04  1.59282093E+05  2.16162323E+05  1.59047659E+05  2.16089197E+05  0.00000000E+00  0.00000000E+00
  3.000000000000E-04  1.59283123E+05  2.14337347E+05  1.58829840E+05  2.14162612E+05  3.94701181E+04  3.94689725E+04  1.59283123E+05  2.14337347E+05  1.58829840E+05  2.14162612E+05  0.00000000E+00  0.00000000E+00
  3.500000000000E-04  1.59445674E+05  2.12764898E+05  1.58668313E+05  2.12405889E+05  3.89937666E+04  3.89917301E+04  1.59445674E+05  2.12764898E+05  1.58668313E+05  2.12405889E+05  0.00000000E+00  0.00000000E+00
  4.000000000000E-04  1.59801205E+05  2.11307699E+05  1.58586076E+05  2.10651428E+05  3.85365882E+04  3.85334579E+04  1.59801205E+05  2.11307699E+05  1.58586076E+05  2.10651428E+05  0.00000000E+00  0.00000000E+00
  4.500000000000E-04  1.60350576E+05  2.09882319E+05  1.58590174E+05  2.08786566E+05  3.80961779E+04  3.80919585E+04  1.60350576E+05  2.09882319E+05  1.58590174E+05  2.08786566E+05  0.00000000E+00  0.00000000E+00
  5.000000000000E-04  1.61059641E+05  2.08494261E+05  1.58668102E+05  2.06789219E+05  3.76801432E+04  3.76750993E+04  1.61059641E+05  2.08494261E+05  1.58668102E+05  2.06789219E+05  0.00000000E+00  0.00000000E+00
  5.500000000000E-04  1.61868056E+05  2.07224177E+05  1.58792133E+05  2.04713541E+05  3.73003980E+04  3.72949872E+04  1.61868056E+05  2.07224177E+05  1.58792133E+05  2.04713541E+05  0.00000000E+00  0.00000000E+00
  6.000000000000E-04  1.62709980E+05  2.06180940E+05  1.58931611E+05  2.02642754E+05  3.69653225E+04  3.69600204E+04  1.62709980E+05  2.06180940E+05  1.58931611E+05  2.02642754E+05  0.00000000E+00  0.00000000E+00
  6.500000000000E-04  1.63538064E+05  2.05451955E+05  1.59067912E+05  2.00640866E+05  3.66736172E+04  3.66687204E+04  1.63538064E+05  2.05451955E+05  1.59067912E+05  2.00640866E+05  0.00000000E+00  0.00000000E+00
  7.000000000000E-04  1.64338530E+05  2.05075574E+05  1.59203187E+05  1.98728575E+05  3.64129707E+04  3.64084958E+04  1.64338530E+05  2.05075574E+05  1.59203187E+05  1.98728575E+05  0.00000000E+00  0.00000000E+00
  7.500000000000E-04  1.65129827E+05  2.05041339E+05  1.59357000E+05  1.96888378E+05  3.61642949E+04  3.61600385E+04  1.65129827E+05  2.05041339E+05  1.59357000E+05  1.96888378E+05  0.00000000E+00  0.00000000E+00
  8.000000000000E-04  1.65947463E+05  2.05305904E+05  1.59552895E+05  1.95085246E+05  3.59096634E+04  3.59053723E+04  1.65947463E+05  2.05305904E+05  1.59552895E+05  1.95085246E+05  0.00000000E+00  0.00000000E+00
  8.500000000000E-04  1.66825301E+05  2.05808272E+05  1.59803441E+05  1.93284918E+05  3.56401276E+04  3.56356518E+04  1.66825301E+05  2.05808272E+05  1.59803441E+05  1.93284918E+05  0.00000000E+00  0.00000000E+00
  9.000000000000E-04  1.67783843E+05  2.06477696E+05  1.60102767E+05  1.91461750E+05  3.53592452E+04  3.53545794E+04  1.67783843E+05  2.06477696E+05  1.60102767E+05  1.91461750E+05  0.00000000E+00  0.00000000E+00
  9.500000000000E-04  1.68830193E+05  2.07239773E+05  1.60430608E+05  1.89600658E+05  3.50803147E+04  3.50755390E+04  1.68830193E+05  2.07239773E+05  1.60430608E+05  1.89600658E+05  0.00000000E+00  0.00000000E+00
  1.000000000000E-03  1.69967596E+05  2.08028612E+05  1.60765298E+05  1.87701045E+05  3.48190461E+04  3.48142353E+04  1.69967596E+05  2.08028612E+05  1.60765298E+05  1.87701045E+05  0.00000000E+00  0.00000000E+00
  1.050000000000E-03  1.71207549E+05  2.08804779E+05  1.61098303E+05  1.85784053E+05  3.45858646E+04  3.45810256E+04  1.71207549E+05  2.08804779E+05  1.61098303E+05  1.85784053E+05  0.00000000E+00  0.00000000E+00
  1.100000000000E-03  1.72575819E+05  2.09569494E+05  1.61441734E+05  1.83896512E+05  3.43816003E+04  3.43766642E+04  1.72575819E+05  2.09569494E+05  1.61441734E+05  1.83896512E+05  0.00000000E+00  0.00000000E+00
  1.150000000000E-03  1.74107708E+05  2.10363176E+05  1.61824861E+05  1.82102679E+05  3.41980609E+04  3.41929326E+04  1.74107708E+05  2.10363176E+05  1.61824861E+05  1.82102679E+05  0.00000000E+00  0.00000000E+00
  1.200000000000E-03  1.75835922E+05  2.11243131E+05  1.62283147E+05  1.80460516E+05  3.40226096E+04  3.40172536E+04  1.75835922E+05  2.11243131E+05  1.62283147E+05  1.80460516E+05  0.00000000E+00  0.00000000E+00
  1.250000000000E-03  1.77779429E+05  2.12248716E+05  1.62847234E+05  1.78991002E+05  3.38441339E+04  3.38386411E+04  1.77779429E+05  2.12248716E+05  1.62847234E+05  1.78991002E+05  0.00000000E+00  0.00000000E+00
  1.300000000000E-03  1.79939749E+05  2.13374014E+05  1.63536927E+05  1.77658833E+05  3.36573031E+04  3.36518816E+04  1.79939749E+05  2.13374014E+05  1.63536927E+05  1.77658833E+05  0.00000000E+00  0.00000000E+00
  1.350000000000E-03  1.82305756E+05  2.14567058E+05  1.64360982E+05  1.76380699E+05  3.34633181E+04  3.34581977E+04  1.82305756E+05  2.14567058E+05  1.64360982E+05  1.76380699E+05  0.00000000E+00  0.00000000E+00
  1.400000000000E-03  1.84863371E+05  2.15759288E+05  1.65320760E+05  1.75062055E+05  3.32676827E+04  3.32629939E+04  1.84863371E+05  2.15759288E+05  1.65320760E+05  1.75062055E+05  0.00000000E+00  0.00000000E+00
  1.450000000000E-03  1.87603610E+05  2.16910240E+05  1.66414162E+05  1.73645683E+05  3.30769981E+04  3.30727120E+04  1.87603610E+05  2.16910240E+05  1.66414162E+05  1.73645683E+05  0.00000000E+00  0.00000000E+00
  1.500000000000E-03  1.90523741E+05  2.18041801E+05  1.67637096E+05  1.72146220E+05  3.28965487E+04  3.28925125E+04  1.90523741E+05  2.18041801E+05  1.67637096E+05  1.72146220E+05  0.00000000E+00  0.00000000E+00
  1.550000000000E-03  1.93622684E+05  2.19239683E+05  1.68983529E+05  1.70649535E+05  3.27292641E+04  3.27252888E+04  1.93622684E+05  2.19239683E+05  1.68983529E+05  1.70649535E+05  0.00000000E+00  0.00000000E+00
  1.600000000000E-03  1.96896367E+05  2.20617404E+05  1.70447157E+05  1.69273988E+05  3.25755827E+04  3.25715112E+04  1.96896367E+05  2.20617404E+05  1.70447157E+05  1.69273988E+05  0.00000000E+00  0.00000000E+00
  1.650000000000E-03  2.00336742E+05  2.22261539E+05  1.72024628E+05  1.68113074E+05  3.24334806E+04  3.24292045E+04  2.00336742E+05  2.22261539E+05  1.72024628E+05  1.68113074E+05  0.00000000E+00  0.00000000E+00
  1.700000000000E-03  2.03933811E+05  2.24189254E+05  1.73717443E+05  1.67190278E+05  3.22985153E+04  3.22939609E+04  2.03933811E+05  2.24189254E+05  1.73717443E+05  1.67190278E+05  0.00000000E+00  0.00000000E+00
  1.750000000000E-03  2.07678644E+05  2.26341546E+05  1.75530708E+05  1.66449662E+05  3.21644759E+04  3.21595951E+04  2.07678644E+05  2.26341546E+05  1.75530708E+05  1.66449662E+05  0.00000000E+00  0.00000000E+00
  1.800000000000E-03  2.11565477E+05  2.28615078E+05  1.77469076E+05  1.65786347E+05  3.20252356E+04  3.20200136E+04  2.11565477E+05  2.28615078E+05  1.77469076E+05  1.65786347E+05  0.00000000E+00  0.00000000E+00
  1.850000000000E-03  2.15591207E+05  2.30915080E+05  1.79531270E+05  1.65100712E+05  3.18775566E+04  3.18720186E+04  2.15591207E+05  2.30915080E+05  1.79531270E+05  1.65100712E+05  0.00000000E+00  0.00000000E+00
  1.900000000000E-03  2.19752889E+05  2.33200739E+05  1.81706331E+05  1.64347630E+05  3.17235260E+04  3.17177155E+04  2.19752889E+05  2.33200739E+05  1.81706331E+05  1.64347630E+05  0.00000000E+00  0.00000000E+00
  1.950000000000E-03  2.24046172E+05  2.35499292E+05  1.83975300E+05  1.63555040E+05  3.15707917E+04  3.15647176E+04  2.24046172E+05  2.35499292E+05  1.83975300E+05  1.63555040E+05  0.00000000E+00  0.00000000E+00
  2.000000000000E-03  2.28466294E+05  2.37884254E+05  1.86318461E+05  1.62804539E+05  3.14295729E+04  3.14231508E+04  2.28466294E+05  2.37884254E+05  1.86318461E+05  1.62804539E+05  0.00000000E+00  0.00000000E+00
  2.050000000000E-03  2.33010473E+05  2.40433268E+05  1.88724030E+05  1.62187764E+05  3.13074557E+04  3.13004836E+04  2.33010473E+05  2.40433268E+05  1.88724030E+05  1.62187764E+05  0.00000000E+00  0.00000000E+00
  2.100000000000E-03  2.37679574E+05  2.43188842E+05  1.91193535E+05  1.61762753E+05  3.12047731E+04  3.11969622E+04  2.37679574E+05  2.43188842E+05  1.91193535E+05  1.61762753E+05  0.00000000E+00  0.00000000E+00
  2.150000000000E-03  2.42477490E+05  2.46139616E+05  1.93741149E+05  1.61531425E+05  3.11133153E+04  3.11043610E+04  2.42477490E+05  2.46139616E+05  1.93741149E+05  1.61531425E+05  0.00000000E+00  0.00000000E+00
  2.200000000000E-03  2.47407706E+05  2.49227069E+05  1.96386904E+05  1.61446843E+05  3.10193950E+04  3.10090433E+04  2.47407706E+05  2.49227069E+05  1.96386904E+05  1.61446843E+05  0.00000000E+00  0.00000000E+00
  2.250000000000E-03  2.52468396E+05  2.52369369E+05  1.99146789E+05  1.61442630E+05  3.09101002E+04  3.08981754E+04  2.52468396E+05  2.52369369E+05  1.99146789E+05  1.61442630E+05  0.00000000E+00  0.00000000E+00
  2.300000000000E-03  2.57648004E+05  2.55488026E+05  2.02023923E+05  1.61466245E+05  3.07797355E+04  3.07661325E+04  2.57648004E+05  2.55488026E+05  2.02023923E+05  1.61466245E+05  0.00000000E+00  0.00000000E+00
  2.350000000000E-03  2.62921540E+05  2.58527249E+05  2.05002844E+05  1.61499570E+05  3.06328455E+04  3.06175154E+04  2.62921540E+05  2.58527249E+05  2.05002844E+05  1.61499570E+05  0.00000000E+00  0.00000000E+00
  2.400000000000E-03  2.68247791E+05  2.61463556E+05  2.08047734E+05  1.61560652E+05  3.04818791E+04  3.04648259E+04  2.68247791E+05  2.61463556E+05  2.08047734E+05  1.61560652E+05  0.00000000E+00  0.00000000E+00
  2.450000000000E-03  2.73570526E+05  2.64306369E+05  2.11107098E+05  1.61690160E+05  3.03408605E+04  3.03221372E+04  2.73570526E+05  2.64306369E+05  2.11107098E+05  1.61690160E+05  0.00000000E+00  0.00000000E+00
  2.500000000000E-03  2.78826743E+05  2.67090374E+05  2.14126879E+05  1.61931464E+05  3.02186940E+04  3.01983800E+04  2.78826743E+05  2.67090374E+05  2.14126879E+05  1.61931464E+05  0.00000000E+00  0.00000000E+00
