  0.000000000000E+00  0.00000000E+00  0.00000000E+00  0.00000000E+00  0.00000000E+00  0.00000000E+00  0.00000000E+00  0.00000000E+00  0.00000000E+00
  5.000000000000E-05  6.15357541E+02  1.56743684E+02  4.85477233E+01  1.45934050E+02  6.15357541E+02  1.56743684E+02  4.85477233E+01  1.45934050E+02
  1.000000000000E-04  2.45304542E+03  5.65755669E+02  2.66725396E+02  3.89668390E+02  2.45304542E+03  5.65755669E+02  2.66725396E+02  3.89668390E+02
  1.500000000000E-04  5.08348196E+03  1.35368155E+03  6.58705239E+02  5.40266791E+02  5.08348196E+03  1.35368155E+03  6.58705239E+02  5.40266791E+02
  2.000000000000E-04  7.84655286E+03  2.81499013E+03  1.04691509E+03  5.85434791E+02  7.84655286E+03  2.81499013E+03  1.04691509E+03  5.85434791E+02
  2.500000000000E-04  1.01534741E+04  5.21136464E+03  1.21300852E+03  6.37162394E+02  1.01534741E+04  5.21136464E+03  1.21300852E+03  6.37162394E+02
  3.000000000000E-04  1.17061611E+04  8.61056455E+03  1.07912673E+03  7.84849501E+02  1.17061611E+04  8.61056455E+03  1.07912673E+03  7.84849501E+02
  3.500000000000E-04  1.25492886E+04  1.28357796E+04  7.93939975E+02  9.83260766E+02  1.25492886E+04  1.28357796E+04  7.93939975E+02  9.83260766E+02
  4.000000000000E-04  1.29158748E+04  1.75779087E+04  5.94677482E+02  1.12644167E+03  1.29158748E+04  1.75779087E+04  5.94677482E+02  1.12644167E+03
  4.500000000000E-04  1.29893178E+04  2.25804307E+04  5.46045417E+02  1.24376203E+03  1.29893178E+04  2.25804307E+04  5.46045417E+02  1.24376203E+03
  5.000000000000E-04  1.28945105E+04  2.76164756E+04  5.24417524E+02  1.48136360E+03  1.28945105E+04  2.76164756E+04  5.24417524E+02  1.48136360E+03
  5.500000000000E-04  1.28961538E+04  3.22947355E+04  4.78984029E+02  1.84954235E+03  1.28961538E+04  3.22947355E+04  4.78984029E+02  1.84954235E+03
  6.000000000000E-04  1.33782546E+04  3.61115082E+04  5.28343958E+02  2.16480143E+03  1.33782546E+04  3.61115082E+04  5.28343958E+02  2.16480143E+03
  6.500000000000E-04  1.45103962E+04  3.88188770E+04  7.27739071E+02  2.32124859E+03  1.45103962E+04  3.88188770E+04  7.27739071E+02  2.32124859E+03
  7.000000000000E-04  1.60657630E+04  4.06230518E+04  9.09703518E+02  2.46415078E+03  1.60657630E+04  4.06230518E+04  9.09703518E+02  2.46415078E+03
  7.500000000000E-04  1.76824645E+04  4.19185033E+04  8.82498644E+02  2.78154328E+03  1.76824645E+04  4.19185033E+04  8.82498644E+02  2.78154328E+03
  8.000000000000E-04  1.92237781E+04  4.29141154E+04  6.93965729E+02  3.22533022E+03  1.92237781E+04  4.29141154E+04  6.93965729E+02  3.22533022E+03
  8.500000000000E-04  2.07663689E+04  4.36341284E+04  5.59463072E+02  3.58018089E+03  2.07663689E+04  4.36341284E+04  5.59463072E+02  3.58018089E+03
  9.000000000000E-04  2.23038108E+04  4.42077921E+04  5.62742290E+02  3.77325128E+03  2.23038108E+04  4.42077921E+04  5.62742290E+02  3.77325128E+03
  9.500000000000E-04  2.36673836E+04  4.49365555E+04  5.86960130E+02  3.95461620E+03  2.36673836E+04  4.49365555E+04  5.86960130E+02  3.95461620E+03
  1.000000000000E-03  2.47908765E+04  4.60030026E+04  5.58876373E+02  4.24792387E+03  2.47908765E+04  4.60030026E+04  5.58876373E+02  4.24792387E+03
  1.050000000000E-03  2.58717570E+04  4.72736879E+04  5.86769887E+02  4.58617811E+03  2.58717570E+04  4.72736879E+04  5.86769887E+02  4.58617811E+03
  1.100000000000E-03  2.71416875E+04  4.85022543E+04  7.72722176E+02  4.86876095E+03  2.71416875E+04  4.85022543E+04  7.72722176E+02  4.86876095E+03
  1.150000000000E-03  2.85598242E+04  4.96386835E+04  1.01460287E+03  5.14802316E+03  2.85598242E+04  4.96386835E+04  1.01460287E+03  5.14802316E+03
  1.200000000000E-03  2.98276297E+04  5.08495440E+04  1.10136729E+03  5.55177258E+03  2.98276297E+04  5.08495440E+04  1.10136729E+03  5.55177258E+03
  1.250000000000E-03  3.06644203E+04  5.22960928E+04  9.52151711E+02  6.08349244E+03  3.06644203E+04  5.22960928E+04  9.52151711E+02  6.08349244E+03
  1.300000000000E-03  3.10101833E+04  5.39805359E+04  6.94173682E+02  6.58714976E+03  3.10101833E+04  5.39805359E+04  6.94173682E+02  6.58714976E+03
  1.350000000000E-03  3.09773337E+04  5.58158989E+04  5.17970579E+02  6.91527337E+03  3.09773337E+04  5.58158989E+04  5.17970579E+02  6.91527337E+03
  1.400000000000E-03  3.06529276E+04  5.78053026E+04  4.82379432E+02  7.11026633E+03  3.06529276E+04  5.78053026E+04  4.82379432E+02  7.11026633E+03
  1.450000000000E-03  3.00334631E+04  6.00556611E+04  5.04608230E+02  7.36598279E+03  3.00334631E+04  6.00556611E+04  5.04608230E+02  7.36598279E+03
  1.500000000000E-03  2.92074233E+04  6.25384588E+04  5.61609716E+02  7.76918041E+03  2.92074233E+04  6.25384588E+04  5.61609716E+02  7.76918041E+03
  1.550000000000E-03  2.84623043E+04  6.49537561E+04  7.64116918E+02  8.19210816E+03  2.84623043E+04  6.49537561E+04  7.64116918E+02  8.19210816E+03
  1.600000000000E-03  2.80588085E+04  6.69697633E+04  1.11147402E+03  8.54500883E+03  2.80588085E+04  6.69697633E+04  1.11147402E+03  8.54500883E+03
  1.650000000000E-03  2.80300153E+04  6.84686367E+04  1.34371567E+03  8.96457451E+03  2.80300153E+04  6.84686367E+04  1.34371567E+03  8.96457451E+03
  1.700000000000E-03  2.83676356E+04  6.94113840E+04  1.24156128E+03  9.56527785E+03  2.83676356E+04  6.94113840E+04  1.24156128E+03  9.56527785E+03
  1.750000000000E-03  2.92305335E+04  6.96650456E+04  9.37767268E+02  1.01681118E+04  2.92305335E+04  6.96650456E+04  9.37767268E+02  1.01681118E+04
  1.800000000000E-03  3.07362394E+04  6.92182034E+04  7.26384807E+02  1.05064650E+04  3.07362394E+04  6.92182034E+04  7.26384807E+02  1.05064650E+04
  1.850000000000E-03  3.26686493E+04  6.84473469E+04  6.90690752E+02  1.05841326E+04  3.26686493E+04  6.84473469E+04  6.90690752E+02  1.05841326E+04
  1.900000000000E-03  3.46047446E+04  6.79405293E+04  7.12926667E+02  1.06289016E+04  3.46047446E+04  6.79405293E+04  7.12926667E+02  1.06289016E+04
  1.950000000000E-03  3.62614495E+04  6.80991909E+04  7.37709132E+02  1.07865150E+04  3.62614495E+04  6.80991909E+04  7.37709132E+02  1.07865150E+04
  2.000000000000E-03  3.75927150E+04  6.90094118E+04  8.36991892E+02  1.10252577E+04  3.75927150E+04  6.90094118E+04  8.36991892E+02  1.10252577E+04
  2.050000000000E-03  3.86350965E+04  7.05921070E+04  1.04792216E+03  1.12884610E+04  3.86350965E+04  7.05921070E+04  1.04792216E+03  1.12884610E+04
  2.100000000000E-03  3.93958207E+04  7.27334296E+04  1.25998930E+03  1.16164236E+04  3.93958207E+04  7.27334296E+04  1.25998930E+03  1.16164236E+04
  2.150000000000E-03  3.99168445E+04  7.52539252E+04  1.30192328E+03  1.20819764E+04  3.99168445E+04  7.52539252E+04  1.30192328E+03  1.20819764E+04
  2.200000000000E-03  4.04112013E+04  7.78132197E+04  1.14697316E+03  1.26164830E+04  4.04112013E+04  7.78132197E+04  1.14697316E+03  1.26164830E+04
  2.250000000000E-03  4.12357292E+04  7.99769717E+04  9.85583097E+02  1.29703748E+04  4.12357292E+04  7.99769717E+04  9.85583097E+02  1.29703748E+04
  2.300000000000E-03  4.25955914E+04  8.15366348E+04  1.00589801E+03  1.29571601E+04  4.25955914E+04  8.15366348E+04  1.00589801E+03  1.29571601E+04
  2.350000000000E-03  4.42968691E+04  8.27518251E+04  1.14833588E+03  1.27041958E+04  4.42968691E+04  8.27518251E+04  1.14833588E+03  1.27041958E+04
  2.400000000000E-03  4.59393548E+04  8.41196455E+04  1.22673990E+03  1.25120758E+04  4.59393548E+04  8.41196455E+04  1.22673990E+03  1.25120758E+04
  2.450000000000E-03  4.73237832E+04  8.59094778E+04  1.24185383E+03  1.25000388E+04  4.73237832E+04  8.59094778E+04  1.24185383E+03  1.25000388E+04
  2.500000000000E-03  4.84943309E+04  8.80661638E+04  1.36660588E+03  1.25724110E+04  4.84943309E+04  8.80661638E+04  1.36660588E+03  1.25724110E+04
