  0.000000000000E+00  0.00000000E+00  0.00000000E+00  0.00000000E+00  0.00000000E+00  0.00000000E+00  0.00000000E+00  0.00000000E+00  0.00000000E+00
  1.000000000000E-02  1.90930923E-02  4.12868089E-02  0.00000000E+00  0.00000000E+00  1.58216893E-02  2.96181555E-02  0.00000000E+00  0.00000000E+00
  2.000000000000E-02  1.05473901E-02  2.70001087E-02  0.00000000E+00  0.00000000E+00  1.02662580E-02  2.43745468E-02  0.00000000E+00  0.00000000E+00
  3.000000000000E-02  8.99353867E-03  2.22666335E-02  0.00000000E+00  0.00000000E+00  8.90304849E-03  2.12796264E-02  0.00000000E+00  0.00000000E+00
  4.000000000000E-02  7.36026129E-03  1.91194059E-02  0.00000000E+00  0.00000000E+00  7.33038134E-03  1.86906116E-02  0.00000000E+00  0.00000000E+00
  5.000000000000E-02  6.83289171E-03  1.77787000E-02  0.00000000E+00  0.00000000E+00  6.82177819E-03  1.75867270E-02  0.00000000E+00  0.00000000E+00
  6.000000000000E-02  6.25375101E-03  1.63924564E-02  0.00000000E+00  0.00000000E+00  6.24931539E-03  1.63020673E-02  0.00000000E+00  0.00000000E+00
  7.000000000000E-02  5.89624136E-03  1.54506174E-02  0.00000000E+00  0.00000000E+00  5.89438179E-03  1.54063435E-02  0.00000000E+00  0.00000000E+00
  8.000000000000E-02  5.55742630E-03  1.45950965E-02  0.00000000E+00  0.00000000E+00  5.55661837E-03  1.45724049E-02  0.00000000E+00  0.00000000E+00
  9.000000000000E-02  5.28304846E-03  1.38908927E-02  0.00000000E+00  0.00000000E+00  5.28268682E-03  1.38788799E-02  0.00000000E+00  0.00000000E+00
  1.000000000000E-01  5.04088280E-03  1.32762255E-02  0.00000000E+00  0.00000000E+00  5.04071730E-03  1.32697418E-02  0.00000000E+00  0.00000000E+00
  1.100000000000E-01  4.83036780E-03  1.27415274E-02  0.00000000E+00  0.00000000E+00  4.83029058E-03  1.27379972E-02  0.00000000E+00  0.00000000E+00
  1.200000000000E-01  4.64474730E-03  1.22720643E-02  0.00000000E+00  0.00000000E+00  4.64471074E-03  1.22701333E-02  0.00000000E+00  0.00000000E+00
  1.300000000000E-01  4.47922271E-03  1.18545029E-02  0.00000000E+00  0.00000000E+00  4.47920520E-03  1.18534426E-02  0.00000000E+00  0.00000000E+00
  1.400000000000E-01  4.33146667E-03  1.14824132E-02  0.00000000E+00  0.00000000E+00  4.33145820E-03  1.14818285E-02  0.00000000E+00  0.00000000E+00
  1.500000000000E-01  4.19817481E-03  1.11473501E-02  0.00000000E+00  0.00000000E+00  4.19817067E-03  1.11470262E-02  0.00000000E+00  0.00000000E+00
  1.600000000000E-01  4.07777724E-03  1.08448805E-02  0.00000000E+00  0.00000000E+00  4.07777521E-03  1.08447004E-02  0.00000000E+00  0.00000000E+00
  1.700000000000E-01  3.96827568E-03  1.05699493E-02  0.00000000E+00  0.00000000E+00  3.96827467E-03  1.05698488E-02  0.00000000E+00  0.00000000E+00
  1.800000000000E-01  3.86844623E-03  1.03192712E-02  0.00000000E+00  0.00000000E+00  3.86844573E-03  1.03192151E-02  0.00000000E+00  0.00000000E+00
  1.900000000000E-01  3.77701668E-03  1.00896346E-02  0.00000000E+00  0.00000000E+00  3.77701643E-03  1.00896032E-02  0.00000000E+00  0.00000000E+00
  2.000000000000E-01  3.69304779E-03  9.87861261E-03  0.00000000E+00  0.00000000E+00  3.69304766E-03  9.87859502E-03  0.00000000E+00  0.00000000E+00
  2.100000000000E-01  3.61566688E-03  9.68401499E-03  0.00000000E+00  0.00000000E+00  3.61566682E-03  9.68400512E-03  0.00000000E+00  0.00000000E+00
  2.200000000000E-01  3.54416285E-03  9.50404709E-03  0.00000000E+00  0.00000000E+00  3.54416282E-03  9.50404155E-03  0.00000000E+00  0.00000000E+00
  2.300000000000E-01  3.47790361E-03  9.33713471E-03  0.00000000E+00  0.00000000E+00  3.47790359E-03  9.33713160E-03  0.00000000E+00  0.00000000E+00
  2.400000000000E-01  3.41635069E-03  9.18193751E-03  0.00000000E+00  0.00000000E+00  3.41635068E-03  9.18193576E-03  0.00000000E+00  0.00000000E+00
  2.500000000000E-01  3.35903139E-03  9.03728596E-03  0.00000000E+00  0.00000000E+00  3.35903138E-03  9.03728498E-03  0.00000000E+00  0.00000000E+00
  2.600000000000E-01  3.30553525E-03  8.90216599E-03  0.00000000E+00  0.00000000E+00  3.30553525E-03  8.90216544E-03  0.00000000E+00  0.00000000E+00
  2.700000000000E-01  3.25550219E-03  8.77569027E-03  0.00000000E+00  0.00000000E+00  3.25550218E-03  8.77568995E-03  0.00000000E+00  0.00000000E+00
  2.800000000000E-01  3.20861666E-03  8.65708180E-03  0.00000000E+00  0.00000000E+00  3.20861666E-03  8.65708163E-03  0.00000000E+00  0.00000000E+00
  2.900000000000E-01  3.16460099E-03  8.54565732E-03  0.00000000E+00  0.00000000E+00  3.16460099E-03  8.54565723E-03  0.00000000E+00  0.00000000E+00
  3.000000000000E-01  3.12321044E-03  8.44081450E-03  0.00000000E+00  0.00000000E+00  3.12321044E-03  8.44081445E-03  0.00000000E+00  0.00000000E+00
  3.100000000000E-01  3.08422870E-03  8.34202076E-03  0.00000000E+00  0.00000000E+00  3.08422870E-03  8.34202072E-03  0.00000000E+00  0.00000000E+00
  3.200000000000E-01  3.04746414E-03  8.24880384E-03  0.00000000E+00  0.00000000E+00  3.04746414E-03  8.24880382E-03  0.00000000E+00  0.00000000E+00
  3.300000000000E-01  3.01274654E-03  8.16074384E-03  0.00000000E+00  0.00000000E+00  3.01274654E-03  8.16074383E-03  0.00000000E+00  0.00000000E+00
  3.400000000000E-01  2.97992430E-03  8.07746626E-03  0.00000000E+00  0.00000000E+00  2.97992430E-03  8.07746625E-03  0.00000000E+00  0.00000000E+00
  3.500000000000E-01  2.94886205E-03  7.99863609E-03  0.00000000E+00  0.00000000E+00  2.94886205E-03  7.99863609E-03  0.00000000E+00  0.00000000E+00
  3.600000000000E-01  2.91943848E-03  7.92395277E-03  0.00000000E+00  0.00000000E+00  2.91943848E-03  7.92395277E-03  0.00000000E+00  0.00000000E+00
  3.700000000000E-01  2.89154463E-03  7.85314576E-03  0.00000000E+00  0.00000000E+00  2.89154463E-03  7.85314576E-03  0.00000000E+00  0.00000000E+00
  3.800000000000E-01  2.86508227E-03  7.78597077E-03  0.00000000E+00  0.00000000E+00  2.86508227E-03  7.78597077E-03  0.00000000E+00  0.00000000E+00
  3.900000000000E-01  2.83996258E-03  7.72220650E-03  0.00000000E+00  0.00000000E+00  2.83996258E-03  7.72220650E-03  0.00000000E+00  0.00000000E+00
  4.000000000000E-01  2.81610498E-03  7.66165182E-03  0.00000000E+00  0.00000000E+00  2.81610498E-03  7.66165182E-03  0.00000000E+00  0.00000000E+00
  4.100000000000E-01  2.79343614E-03  7.60412332E-03  0.00000000E+00  0.00000000E+00  2.79343614E-03  7.60412332E-03  0.00000000E+00  0.00000000E+00
  4.200000000000E-01  2.77188907E-03  7.54945322E-03  0.00000000E+00  0.00000000E+00  2.77188907E-03  7.54945322E-03  0.00000000E+00  0.00000000E+00
  4.300000000000E-01  2.75140241E-03  7.49748753E-03  0.00000000E+00  0.00000000E+00  2.75140241E-03  7.49748753E-03  0.00000000E+00  0.00000000E+00
  4.400000000000E-01  2.73191977E-03  7.44808447E-03  0.00000000E+00  0.00000000E+00  2.73191977E-03  7.44808447E-03  0.00000000E+00  0.00000000E+00
  4.500000000000E-01  2.71338914E-03  7.40111314E-03  0.00000000E+00  0.00000000E+00  2.71338914E-03  7.40111314E-03  0.00000000E+00  0.00000000E+00
  4.600000000000E-01  2.69576245E-03  7.35645226E-03  0.00000000E+00  0.00000000E+00  2.69576245E-03  7.35645226E-03  0.00000000E+00  0.00000000E+00
  4.700000000000E-01  2.67899508E-03  7.31398919E-03  0.00000000E+00  0.00000000E+00  2.67899508E-03  7.31398919E-03  0.00000000E+00  0.00000000E+00
  4.800000000000E-01  2.66304558E-03  7.27361903E-03  0.00000000E+00  0.00000000E+00  2.66304558E-03  7.27361903E-03  0.00000000E+00  0.00000000E+00
  4.900000000000E-01  2.64787524E-03  7.23524381E-03  0.00000000E+00  0.00000000E+00  2.64787524E-03  7.23524381E-03  0.00000000E+00  0.00000000E+00
  5.000000000000E-01  2.63344792E-03  7.19877183E-03  0.00000000E+00  0.00000000E+00  2.63344792E-03  7.19877183E-03  0.00000000E+00  0.00000000E+00
