  4.156448104466E+01  2.43919072E+02  3.74803751E+02  3.80265850E+00  6.98177414E+01  2.43919072E+02  3.74803751E+02  3.80265850E+00  6.98177414E+01
  4.156547490325E+01  2.26080648E+02  3.62389250E+02  3.61442451E+00  6.90835176E+01  2.26080648E+02  3.62389250E+02  3.61442451E+00  6.90835176E+01
  4.156646876184E+01  2.35267372E+02  3.55282001E+02  4.05043792E+00  6.89980492E+01  2.35267372E+02  3.55282001E+02  4.05043792E+00  6.89980492E+01
  4.156746262043E+01  2.41977605E+02  3.56904490E+02  3.94321403E+00  6.95438765E+01  2.41977605E+02  3.56904490E+02  3.94321403E+00  6.95438765E+01
  4.156845647902E+01  2.44078698E+02  3.63510995E+02  3.85146007E+00  6.98838107E+01  2.44078698E+02  3.63510995E+02  3.85146007E+00  6.98838107E+01
  4.156945033762E+01  2.42734626E+02  3.69481074E+02  3.93435670E+00  6.96850667E+01  2.42734626E+02  3.69481074E+02  3.93435670E+00  6.96850667E+01
  4.157044419621E+01  2.40035423E+02  3.71970892E+02  3.75051623E+00  6.93752790E+01  2.40035423E+02  3.71970892E+02  3.75051623E+00  6.93752790E+01
  4.157143805480E+01  2.38310532E+02  3.71412214E+02  3.49889110E+00  6.92942671E+01  2.38310532E+02  3.71412214E+02  3.49889110E+00  6.92942671E+01
  4.157243191339E+01  2.39006003E+02  3.69653493E+02  3.67962372E+00  6.92571322E+01  2.39006003E+02  3.69653493E+02  3.67962372E+00  6.92571322E+01
  4.157342577198E+01  2.41332734E+02  3.68664670E+02  4.00192307E+00  6.91254697E+01  2.41332734E+02  3.68664670E+02  4.00192307E+00  6.91254697E+01
  4.157441963057E+01  2.43341026E+02  3.69582167E+02  3.95346311E+00  6.90955071E+01  2.43341026E+02  3.69582167E+02  3.95346311E+00  6.90955071E+01
  4.156448104466E+01  5.30812587E+02  7.17033762E+00  5.29513658E+02  5.25167537E+00
  4.156547490325E+01  5.30787687E+02  7.17360894E+00  5.29492868E+02  5.25507825E+00
  4.156646876184E+01  5.30741660E+02  7.17935929E+00  5.29450081E+02  5.26233834E+00
  4.156746262043E+01  5.30736478E+02  7.17685204E+00  5.29445997E+02  5.26176101E+00
  4.156845647902E+01  5.30779679E+02  7.16560158E+00  5.29489027E+02  5.25208635E+00
  4.156945033762E+01  5.30824762E+02  7.15305213E+00  5.29533598E+02  5.24061350E+00
  4.157044419621E+01  5.30841754E+02  7.14528990E+00  5.29550281E+02  5.23344664E+00
  4.157143805480E+01  5.30840666E+02  7.14290281E+00  5.29549234E+02  5.23135411E+00
  4.157243191339E+01  5.30835646E+02  7.14353231E+00  5.29544539E+02  5.23225061E+00
  4.157342577198E+01  5.30833072E+02  7.14432994E+00  5.29542447E+02  5.23347334E+00
  4.157441963057E+01  5.30841498E+02  7.14279128E+00  5.29551371E+02  5.23259371E+00
  4.156448104466E+01  7.80618735E+03  4.53829298E+03  6.67807102E+03  2.44097862E+03  1.95186744E+03  1.83057753E+03  7.80618735E+03  4.53829298E+03  6.67807102E+03  2.44097862E+03  0.00000000E+00  0.00000000E+00
  4.156547490325E+01  7.80263067E+03  4.53482295E+03  6.67711534E+03  2.43998609E+03  1.95191468E+03  1.83057547E+03  7.80263067E+03  4.53482295E+03  6.67711534E+03  2.43998609E+03  0.00000000E+00  0.00000000E+00
  4.156646876184E+01  7.80001855E+03  4.52977236E+03  6.67613765E+03  2.43869306E+03  1.95171671E+03  1.83051677E+03  7.80001855E+03  4.52977236E+03  6.67613765E+03  2.43869306E+03  0.00000000E+00  0.00000000E+00
  4.156746262043E+01  7.79791457E+03  4.52621746E+03  6.67434127E+03  2.43792676E+03  1.95147482E+03  1.83042368E+03  7.79791457E+03  4.52621746E+03  6.67434127E+03  2.43792676E+03  0.00000000E+00  0.00000000E+00
  4.156845647902E+01  7.79625252E+03  4.52440378E+03  6.67194542E+03  2.43724899E+03  1.95128791E+03  1.83032502E+03  7.79625252E+03  4.52440378E+03  6.67194542E+03  2.43724899E+03  0.00000000E+00  0.00000000E+00
  4.156945033762E+01  7.79611384E+03  4.52346028E+03  6.67069838E+03  2.43619456E+03  1.95115773E+03  1.83020635E+03  7.79611384E+03  4.52346028E+03  6.67069838E+03  2.43619456E+03  0.00000000E+00  0.00000000E+00
  4.157044419621E+01  7.79717118E+03  4.52313877E+03  6.67088939E+03  2.43527542E+03  1.95105989E+03  1.83008318E+03  7.79717118E+03  4.52313877E+03  6.67088939E+03  2.43527542E+03  0.00000000E+00  0.00000000E+00
  4.157143805480E+01  7.79785049E+03  4.52301498E+03  6.67132615E+03  2.43478753E+03  1.95100773E+03  1.83002579E+03  7.79785049E+03  4.52301498E+03  6.67132615E+03  2.43478753E+03  0.00000000E+00  0.00000000E+00
  4.157243191339E+01  7.79781986E+03  4.52230632E+03  6.67170027E+03  2.43435032E+03  1.95099320E+03  1.83004958E+03  7.79781986E+03  4.52230632E+03  6.67170027E+03  2.43435032E+03  0.00000000E+00  0.00000000E+00
  4.157342577198E+01  7.79786600E+03  4.52094546E+03  6.67231011E+03  2.43382435E+03  1.95096940E+03  1.83008084E+03  7.79786600E+03  4.52094546E+03  6.67231011E+03  2.43382435E+03  0.00000000E+00  0.00000000E+00
  4.157441963057E+01  7.79814914E+03  4.51959233E+03  6.67275490E+03  2.43340140E+03  1.95093007E+03  1.83007367E+03  7.79814914E+03  4.51959233E+03  6.67275490E+03  2.43340140E+03  0.00000000E+00  0.00000000E+00
