  0.000000000000E+00  0.00000000E+00  0.00000000E+00  0.00000000E+00  0.00000000E+00  0.00000000E+00  0.00000000E+00  0.00000000E+00  0.00000000E+00
  1.000000000000E-04  2.17594228E-06  1.10061761E+00  3.74387588E-13  4.26024287E-08  3.58118938E-11  4.26024553E-08  3.74387588E-13  4.26024287E-08
  2.000000000000E-04  4.90747148E-05  4.33552605E+00  3.49408233E-11  6.79541080E-07  8.47256313E-10  6.79543689E-07  3.49408233E-11  6.79541080E-07
  3.000000000000E-04  2.99553809E-04  9.63956372E+00  4.80684994E-10  3.40156589E-06  5.57012614E-09  3.40160279E-06  4.80684994E-10  3.40156589E-06
  4.000000000000E-04  1.07396963E-03  1.69640750E+01  3.06173213E-09  1.06326660E-05  2.19615404E-08  1.06329074E-05  3.06173213E-09  1.06326660E-05
  5.000000000000E-04  2.87584163E-03  2.62677887E+01  1.28048065E-08  2.56933248E-05  6.56524160E-08  2.56943634E-05  1.28048065E-08  2.56933248E-05
  6.000000000000E-04  6.39937652E-03  3.75137288E+01  4.10369548E-08  5.27686981E-05  1.64703075E-07  5.27721343E-05  4.10369548E-08  5.27686981E-05
  7.000000000000E-04  1.25257221E-02  5.06676785E+01  1.09411450E-07  9.68792039E-05  3.65470618E-07  9.68886924E-05  1.09411450E-07  9.68792039E-05
  8.000000000000E-04  2.23098023E-02  6.56972908E+01  2.54867075E-07  1.63852345E-04  7.39654722E-07  1.63875307E-04  2.54867075E-07  1.63852345E-04
  9.000000000000E-04  3.69594127E-02  8.25715280E+01  5.35363231E-07  2.60295115E-04  1.39228836E-06  2.60345359E-04  5.35363231E-07  2.60295115E-04
  1.000000000000E-03  5.78082847E-02  1.01260293E+02  1.03618841E-06  3.93566610E-04  2.47037193E-06  3.93668148E-04  1.03618841E-06  3.93566610E-04
  1.100000000000E-03  8.62848860E-02  1.21734184E+02  1.87661317E-06  5.71750601E-04  4.17181187E-06  5.71942979E-04  1.87661317E-06  5.71750601E-04
  1.200000000000E-03  1.23878745E-01  1.43964320E+02  3.21665048E-06  8.03627927E-04  6.75431735E-06  8.03973412E-04  3.21665048E-06  8.03627927E-04
  1.300000000000E-03  1.72106041E-01  1.67922237E+02  5.26369597E-06  1.09864861E-03  1.05439286E-05  1.09924159E-03  5.26369597E-06  1.09864861E-03
  1.400000000000E-03  2.32476098E-01  1.93579810E+02  8.27884501E-06  1.46690363E-03  1.59428951E-05  1.46788259E-03  8.27884501E-06  1.46690363E-03
  1.500000000000E-03  3.06460231E-01  2.20909208E+02  1.25827222E-05  1.91909636E-03  2.34366842E-05  1.92065872E-03  1.25827222E-05  1.91909636E-03
  1.600000000000E-03  3.95464171E-01  2.49882865E+02  1.85607060E-05  2.46651356E-03  3.35999799E-05  2.46893374E-03  1.85607060E-05  2.46651356E-03
  1.700000000000E-03  5.00805021E-01  2.80473469E+02  2.66674864E-05  3.12099615E-03  4.71016107E-05  3.12464703E-03  2.66674864E-05  3.12099615E-03
  1.800000000000E-03  6.23693400E-01  3.12653950E+02  3.74309478E-05  3.89490960E-03  6.47084303E-05  3.90028760E-03  3.74309478E-05  3.89490960E-03
  1.900000000000E-03  7.65221134E-01  3.46397482E+02  5.14554251E-05  4.80111426E-03  8.72882496E-05  4.80886816E-03  5.14554251E-05  4.80111426E-03
  2.000000000000E-03  9.26354568E-01  3.81677478E+02  6.94244279E-05  5.85293575E-03  1.15811977E-04  5.86389928E-03  6.94244279E-05  5.85293575E-03
