  0.000000000000D+00  0.00000000D+00  0.00000000D+00  0.00000000D+00  0.00000000D+00  0.00000000D+00  0.00000000D+00  0.00000000D+00  0.00000000D+00
  1.234180307691D-03  2.71639104D+03  8.10029397D+02  2.71639104D+03  8.10029397D+02  2.37123321D-01  3.27255306D-01  2.37123321D-01  3.27255306D-01
  1.807967688379D-03  3.91287530D+03  2.95110377D+03  3.91287530D+03  2.95110377D+03  1.52881585D+00  4.02610753D+00  1.52881585D+00  4.02610753D+00
  2.284233804171D-03  4.04573690D+03  5.67380246D+03  4.04573690D+03  5.67380246D+03  4.89673929D+00  1.34099031D+01  4.89673929D+00  1.34099031D+01
  2.760499919963D-03  3.57104418D+03  8.64068916D+03  3.57104418D+03  8.64068916D+03  1.11143242D+01  2.92983284D+01  1.11143242D+01  2.92983284D+01
  3.236766035756D-03  2.88436706D+03  1.11531577D+04  2.88436706D+03  1.11531577D+04  1.72038801D+01  5.02405969D+01  1.72038801D+01  5.02405969D+01
  3.713032151548D-03  2.33061508D+03  1.27213278D+04  2.33061508D+03  1.27213278D+04  1.98408774D+01  7.31799343D+01  1.98408774D+01  7.31799343D+01
  4.189298267341D-03  2.03546674D+03  1.32328626D+04  2.03546674D+03  1.32328626D+04  2.18320423D+01  9.30521587D+01  2.18320423D+01  9.30521587D+01
  4.665564383133D-03  1.90618351D+03  1.29052403D+04  1.90618351D+03  1.29052403D+04  2.81130072D+01  1.08018878D+02  2.81130072D+01  1.08018878D+02
  5.141830498925D-03  1.78183321D+03  1.20727125D+04  1.78183321D+03  1.20727125D+04  3.66402620D+01  1.23735283D+02  3.66402620D+01  1.23735283D+02
  5.618096614718D-03  1.58391675D+03  1.09951061D+04  1.58391675D+03  1.09951061D+04  4.09656719D+01  1.45199962D+02  4.09656719D+01  1.45199962D+02
  6.094362730510D-03  1.34115505D+03  9.82675759D+03  1.34115505D+03  9.82675759D+03  3.99151727D+01  1.67156051D+02  3.99151727D+01  1.67156051D+02
  6.570628846302D-03  1.11797024D+03  8.69318826D+03  1.11797024D+03  8.69318826D+03  3.77664169D+01  1.80352144D+02  3.77664169D+01  1.80352144D+02
  7.046894962095D-03  9.55725464D+02  7.73631961D+03  9.55725464D+02  7.73631961D+03  3.74796590D+01  1.83810932D+02  3.74796590D+01  1.83810932D+02
  7.523161077887D-03  8.68442306D+02  7.08351958D+03  8.68442306D+02  7.08351958D+03  3.95735683D+01  1.84837079D+02  3.95735683D+01  1.84837079D+02
  7.999427193679D-03  8.57656952D+02  6.80070532D+03  8.57656952D+02  6.80070532D+03  4.42212269D+01  1.92308599D+02  4.42212269D+01  1.92308599D+02
  8.475693309472D-03  9.20540131D+02  6.87722319D+03  9.20540131D+02  6.87722319D+03  5.03261288D+01  2.14149437D+02  5.03261288D+01  2.14149437D+02
  8.951959425264D-03  1.05525225D+03  7.23837934D+03  1.05525225D+03  7.23837934D+03  5.70640583D+01  2.53901189D+02  5.70640583D+01  2.53901189D+02
  9.428225541056D-03  1.25933738D+03  7.77804968D+03  1.25933738D+03  7.77804968D+03  6.85069893D+01  3.05531405D+02  6.85069893D+01  3.05531405D+02
  9.904491656849D-03  1.51739996D+03  8.40454737D+03  1.51739996D+03  8.40454737D+03  9.09861457D+01  3.58108735D+02  9.09861457D+01  3.58108735D+02
  1.038075777264D-02  1.79895219D+03  9.06964073D+03  1.79895219D+03  9.06964073D+03  1.25177894D+02  4.08373027D+02  1.25177894D+02  4.08373027D+02
  1.085702388843D-02  2.08003272D+03  9.75896082D+03  2.08003272D+03  9.75896082D+03  1.67139906D+02  4.63831000D+02  1.67139906D+02  4.63831000D+02
  1.133329000423D-02  2.36529272D+03  1.04652377D+04  2.36529272D+03  1.04652377D+04  2.16813590D+02  5.34258657D+02  2.16813590D+02  5.34258657D+02
  1.180955612002D-02  2.68466522D+03  1.11770941D+04  2.68466522D+03  1.11770941D+04  2.78944492D+02  6.26427495D+02  2.78944492D+02  6.26427495D+02
  1.228582223581D-02  3.07263495D+03  1.18855345D+04  3.07263495D+03  1.18855345D+04  3.55878414D+02  7.45700108D+02  3.55878414D+02  7.45700108D+02
  1.276208835160D-02  3.55173299D+03  1.25920938D+04  3.55173299D+03  1.25920938D+04  4.44301580D+02  8.95860532D+02  4.44301580D+02  8.95860532D+02
  1.321344834668D-02  4.09307777D+03  1.32737559D+04  4.09307777D+03  1.32737559D+04  5.32509884D+02  1.06675882D+03  5.32509884D+02  1.06675882D+03
  1.356518385892D-02  4.56495922D+03  1.38279381D+04  4.56495922D+03  1.38279381D+04  5.98949451D+02  1.21790243D+03  5.98949451D+02  1.21790243D+03
  1.390790122992D-02  5.05509405D+03  1.44000720D+04  5.05509405D+03  1.44000720D+04  6.56669818D+02  1.37912249D+03  6.56669818D+02  1.37912249D+03
  1.416945532978D-02  5.44156767D+03  1.48645458D+04  5.44156767D+03  1.48645458D+04  6.93053248D+02  1.51065361D+03  6.93053248D+02  1.51065361D+03
  1.443100942964D-02  5.83329305D+03  1.53568290D+04  5.83329305D+03  1.53568290D+04  7.20707955D+02  1.64857953D+03  7.20707955D+02  1.64857953D+03
  1.469256352950D-02  6.22578041D+03  1.58793137D+04  6.22578041D+03  1.58793137D+04  7.38240338D+02  1.79170921D+03  7.38240338D+02  1.79170921D+03
  1.489398538779D-02  6.52600408D+03  1.63032990D+04  6.52600408D+03  1.63032990D+04  7.44319316D+02  1.90459823D+03  7.44319316D+02  1.90459823D+03
  1.508872588590D-02  6.81299385D+03  1.67314611D+04  6.81299385D+03  1.67314611D+04  7.43878963D+02  2.01522233D+03  7.43878963D+02  2.01522233D+03
  1.528346638402D-02  7.09552393D+03  1.71776203D+04  7.09552393D+03  1.71776203D+04  7.37279348D+02  2.12668149D+03  7.37279348D+02  2.12668149D+03
  1.547820688213D-02  7.37257088D+03  1.76415543D+04  7.37257088D+03  1.76415543D+04  7.24759830D+02  2.23841141D+03  7.24759830D+02  2.23841141D+03
  1.567294738024D-02  7.64335437D+03  1.81227333D+04  7.64335437D+03  1.81227333D+04  7.06748458D+02  2.34991406D+03  7.06748458D+02  2.34991406D+03
  1.581833485363D-02  7.84107422D+03  1.84927601D+04  7.84107422D+03  1.84927601D+04  6.90098302D+02  2.43276398D+03  6.90098302D+02  2.43276398D+03
  1.596372232702D-02  8.03488590D+03  1.88715010D+04  8.03488590D+03  1.88715010D+04  6.71055874D+02  2.51510338D+03  6.71055874D+02  2.51510338D+03
  1.610910980041D-02  8.22475043D+03  1.92584575D+04  8.22475043D+03  1.92584575D+04  6.50009534D+02  2.59680827D+03  6.50009534D+02  2.59680827D+03
  1.625449727379D-02  8.41070427D+03  1.96530846D+04  8.41070427D+03  1.96530846D+04  6.27405714D+02  2.67777733D+03  6.27405714D+02  2.67777733D+03
  1.639988474718D-02  8.59285580D+03  2.00548074D+04  8.59285580D+03  2.00548074D+04  6.03745956D+02  2.75793204D+03  6.03745956D+02  2.75793204D+03
  1.654527222057D-02  8.77138246D+03  2.04630356D+04  8.77138246D+03  2.04630356D+04  5.79582587D+02  2.83721753D+03  5.79582587D+02  2.83721753D+03
  1.669065969396D-02  8.94652901D+03  2.08771747D+04  8.94652901D+03  2.08771747D+04  5.55513115D+02  2.91560431D+03  5.55513115D+02  2.91560431D+03
  1.683604716735D-02  9.11860684D+03  2.12966333D+04  9.11860684D+03  2.12966333D+04  5.32173548D+02  2.99309039D+03  5.32173548D+02  2.99309039D+03
  1.694867701759D-02  9.25002282D+03  2.16248851D+04  9.25002282D+03  2.16248851D+04  5.15021149D+02  3.05251939D+03  5.15021149D+02  3.05251939D+03
  1.705766713192D-02  9.37583916D+03  2.19449821D+04  9.37583916D+03  2.19449821D+04  4.99521044D+02  3.10955258D+03  4.99521044D+02  3.10955258D+03
  1.716665724626D-02  9.50053517D+03  2.22672470D+04  9.50053517D+03  2.22672470D+04  4.85399262D+02  3.16614981D+03  4.85399262D+02  3.16614981D+03
  1.727564736059D-02  9.62433642D+03  2.25914425D+04  9.62433642D+03  2.25914425D+04  4.72955047D+02  3.22235158D+03  4.72955047D+02  3.22235158D+03
  1.738463747492D-02  9.74748711D+03  2.29173336D+04  9.74748711D+03  2.29173336D+04  4.62489156D+02  3.27820643D+03  4.62489156D+02  3.27820643D+03
  1.749362758926D-02  9.87024797D+03  2.32446880D+04  9.87024797D+03  2.32446880D+04  4.54301708D+02  3.33377008D+03  4.54301708D+02  3.33377008D+03
