  0.000000000000E+00  0.00000000E+00  0.00000000E+00  0.00000000E+00  0.00000000E+00  0.00000000E+00  0.00000000E+00  0.00000000E+00  0.00000000E+00
  9.000000000000E-04  3.91059239E+01  4.78954378E+01  3.21072491E+01  4.73990753E+01  3.91059239E+01  4.78954378E+01  3.21072491E+01  4.73990753E+01
  1.800000000000E-03  1.46961724E+02  7.02459301E+01  1.27416406E+02  6.43940941E+01  1.46961724E+02  7.02459301E+01  1.27416406E+02  6.43940941E+01
  2.700000000000E-03  1.64870286E+02  1.09416384E+02  1.38405092E+02  9.01793415E+01  1.64870286E+02  1.09416384E+02  1.38405092E+02  9.01793415E+01
  3.376046110872E-03  1.03394263E+02  1.62230008E+02  7.71289255E+01  1.30181651E+02  1.03394263E+02  1.62230008E+02  7.71289255E+01  1.30181651E+02
  4.050614984642E-03  6.32885782E+01  1.94884426E+02  3.99190387E+01  1.51403637E+02  6.32885782E+01  1.94884426E+02  3.99190387E+01  1.51403637E+02
  4.050614984642E-03  6.32885782E+01  1.94884426E+02  3.99190387E+01  1.51403637E+02  6.32885782E+01  1.94884426E+02  3.99190387E+01  1.51403637E+02
  5.050614984642E-03  5.15670037E+01  2.52018446E+02  3.15832065E+01  1.99517015E+02  5.15670037E+01  2.52018446E+02  3.15832065E+01  1.99517015E+02
  6.050614984642E-03  9.11346437E+01  3.08903886E+02  6.85964835E+01  2.57179773E+02  9.11346437E+01  3.08903886E+02  6.85964835E+01  2.57179773E+02
  7.050614984642E-03  1.31518550E+02  3.35982659E+02  1.02476725E+02  2.87479834E+02  1.31518550E+02  3.35982659E+02  1.02476725E+02  2.87479834E+02
  8.050614984642E-03  9.72622674E+01  3.83345419E+02  6.33718244E+01  3.33692790E+02  9.72622674E+01  3.83345419E+02  6.33718244E+01  3.33692790E+02
  9.050614984642E-03  6.96964029E+01  4.17018296E+02  3.53776209E+01  3.61968942E+02  6.96964029E+01  4.17018296E+02  3.53776209E+01  3.61968942E+02
  9.050614984642E-03  6.96964029E+01  4.17018296E+02  3.53776209E+01  3.61968942E+02  6.96964029E+01  4.17018296E+02  3.53776209E+01  3.61968942E+02
  1.005061498464E-02  7.36195311E+01  4.54488056E+02  4.18878282E+01  3.94809234E+02  7.36195311E+01  4.54488056E+02  4.18878282E+01  3.94809234E+02
  1.105061498464E-02  1.04946860E+02  4.73540551E+02  7.57641054E+01  4.14227448E+02  1.04946860E+02  4.73540551E+02  7.57641054E+01  4.14227448E+02
  1.205061498464E-02  1.08763685E+02  4.81366188E+02  8.07172033E+01  4.26890820E+02  1.08763685E+02  4.81366188E+02  8.07172033E+01  4.26890820E+02
  1.305061498464E-02  7.82984991E+01  4.86962246E+02  5.05483865E+01  4.38103098E+02  7.82984991E+01  4.86962246E+02  5.05483865E+01  4.38103098E+02
  1.405061498464E-02  6.48849011E+01  4.82505505E+02  3.73843722E+01  4.37273405E+02  6.48849011E+01  4.82505505E+02  3.73843722E+01  4.37273405E+02
  1.405061498464E-02  6.48849011E+01  4.82505505E+02  3.73843722E+01  4.37273405E+02  6.48849011E+01  4.82505505E+02  3.73843722E+01  4.37273405E+02
  1.505061498464E-02  7.60493075E+01  4.81435547E+02  4.97791156E+01  4.38554112E+02  7.60493075E+01  4.81435547E+02  4.97791156E+01  4.38554112E+02
  1.605061498464E-02  9.65292611E+01  4.69193018E+02  6.97522185E+01  4.27847812E+02  9.65292611E+01  4.69193018E+02  6.97522185E+01  4.27847812E+02
  1.705061498464E-02  8.61898998E+01  4.58861293E+02  5.86802389E+01  4.18569541E+02  8.61898998E+01  4.58861293E+02  5.86802389E+01  4.18569541E+02
  1.805061498464E-02  6.90719455E+01  4.43230301E+02  4.06586057E+01  4.03840664E+02  6.90719455E+01  4.43230301E+02  4.06586057E+01  4.03840664E+02
  1.905061498464E-02  6.91892128E+01  4.26913151E+02  3.95763052E+01  3.88390870E+02  6.91892128E+01  4.26913151E+02  3.95763052E+01  3.88390870E+02
  1.905061498464E-02  6.91892128E+01  4.26913151E+02  3.95763052E+01  3.88390870E+02  6.91892128E+01  4.26913151E+02  3.95763052E+01  3.88390870E+02
  1.970061498464E-02  7.80712628E+01  4.15670086E+02  4.75291768E+01  3.77600003E+02  7.80712628E+01  4.15670086E+02  4.75291768E+01  3.77600003E+02
  2.035061498464E-02  8.77061068E+01  4.01981465E+02  5.61854768E+01  3.64133901E+02  8.77061068E+01  4.01981465E+02  5.61854768E+01  3.64133901E+02
  2.100061498464E-02  9.01632313E+01  3.88307398E+02  5.76803909E+01  3.50354000E+02  9.01632313E+01  3.88307398E+02  5.76803909E+01  3.50354000E+02
  2.165061498464E-02  8.41417150E+01  3.75799488E+02  5.07756856E+01  3.37387309E+02  8.41417150E+01  3.75799488E+02  5.07756856E+01  3.37387309E+02
  2.230061498464E-02  7.58785642E+01  3.62945401E+02  4.17534763E+01  3.23800585E+02  7.58785642E+01  3.62945401E+02  4.17534763E+01  3.23800585E+02
  2.230061498464E-02  7.58785642E+01  3.62945401E+02  4.17534763E+01  3.23800585E+02  7.58785642E+01  3.62945401E+02  4.17534763E+01  3.23800585E+02
  2.330061498464E-02  7.07340362E+01  3.43379328E+02  3.57038044E+01  3.02938216E+02  7.07340362E+01  3.43379328E+02  3.57038044E+01  3.02938216E+02
  2.430061498464E-02  7.71489588E+01  3.25119881E+02  4.14127661E+01  2.83617256E+02  7.71489588E+01  3.25119881E+02  4.14127661E+01  2.83617256E+02
  2.530061498464E-02  8.50561322E+01  3.04819246E+02  4.85890766E+01  2.62602612E+02  8.50561322E+01  3.04819246E+02  4.85890766E+01  2.62602612E+02
  2.630061498464E-02  8.14625022E+01  2.85622093E+02  4.42035146E+01  2.42797413E+02  8.14625022E+01  2.85622093E+02  4.42035146E+01  2.42797413E+02
  2.730061498464E-02  7.38395631E+01  2.67067620E+02  3.59240051E+01  2.23552555E+02  7.38395631E+01  2.67067620E+02  3.59240051E+01  2.23552555E+02
  2.730061498464E-02  7.38395631E+01  2.67067620E+02  3.59240051E+01  2.23552555E+02  7.38395631E+01  2.67067620E+02  3.59240051E+01  2.23552555E+02
  2.830061498464E-02  6.98502018E+01  2.49514885E+02  3.35206393E+01  2.06010777E+02  6.98502018E+01  2.49514885E+02  3.35206393E+01  2.06010777E+02
  2.930061498464E-02  7.87457344E+01  2.31651378E+02  4.10312875E+01  1.88707945E+02  7.87457344E+01  2.31651378E+02  4.10312875E+01  1.88707945E+02
  3.030061498464E-02  8.12346408E+01  2.15519024E+02  4.24520090E+01  1.72209984E+02  8.12346408E+01  2.15519024E+02  4.24520090E+01  1.72209984E+02
  3.130061498464E-02  7.42772681E+01  2.01742132E+02  3.52750318E+01  1.57479652E+02  7.42772681E+01  2.01742132E+02  3.52750318E+01  1.57479652E+02
  3.230061498464E-02  6.94346262E+01  1.88240933E+02  3.07346564E+01  1.43350661E+02  6.94346262E+01  1.88240933E+02  3.07346564E+01  1.43350661E+02
  3.230061498464E-02  6.94346262E+01  1.88240933E+02  3.07346564E+01  1.43350661E+02  6.94346262E+01  1.88240933E+02  3.07346564E+01  1.43350661E+02
  3.330061498464E-02  7.15468576E+01  1.75526229E+02  3.31491221E+01  1.30714608E+02  7.15468576E+01  1.75526229E+02  3.31491221E+01  1.30714608E+02
  3.430061498464E-02  7.53784757E+01  1.62967031E+02  3.70721646E+01  1.18607785E+02  7.53784757E+01  1.62967031E+02  3.70721646E+01  1.18607785E+02
  3.530061498464E-02  7.33837692E+01  1.51890039E+02  3.49925947E+01  1.07907180E+02  7.33837692E+01  1.51890039E+02  3.49925947E+01  1.07907180E+02
  3.630061498464E-02  6.86036929E+01  1.41975338E+02  3.00701358E+01  9.81268586E+01  6.86036929E+01  1.41975338E+02  3.00701358E+01  9.81268586E+01
  3.730061498464E-02  6.74392862E+01  1.32981884E+02  2.88140270E+01  8.91232750E+01  6.74392862E+01  1.32981884E+02  2.88140270E+01  8.91232750E+01
  3.730061498464E-02  6.74392862E+01  1.32981884E+02  2.88140270E+01  8.91232750E+01  6.74392862E+01  1.32981884E+02  2.88140270E+01  8.91232750E+01
  3.830061498464E-02  6.82783948E+01  1.24360658E+02  3.09520909E+01  8.10463472E+01  6.82783948E+01  1.24360658E+02  3.09520909E+01  8.10463472E+01
  3.930061498464E-02  7.16690589E+01  1.15976726E+02  3.36283875E+01  7.33817314E+01  7.16690589E+01  1.15976726E+02  3.36283875E+01  7.33817314E+01
  4.030061498464E-02  6.90147008E+01  1.09602399E+02  3.05281422E+01  6.70392761E+01  6.90147008E+01  1.09602399E+02  3.05281422E+01  6.70392761E+01
  4.130061498464E-02  6.51830243E+01  1.03858219E+02  2.67073345E+01  6.10175435E+01  6.51830243E+01  1.03858219E+02  2.67073345E+01  6.10175435E+01
  4.230061498464E-02  6.50084042E+01  9.83527280E+01  2.67059056E+01  5.54450487E+01  6.50084042E+01  9.83527280E+01  2.67059056E+01  5.54450487E+01
  4.230061498464E-02  6.50084042E+01  9.83527280E+01  2.67059056E+01  5.54450487E+01  6.50084042E+01  9.83527280E+01  2.67059056E+01  5.54450487E+01
  4.330061498464E-02  6.71143844E+01  9.31979328E+01  2.89526856E+01  5.04748388E+01  6.71143844E+01  9.31979328E+01  2.89526856E+01  5.04748388E+01
  4.430061498464E-02  6.69793367E+01  8.88006844E+01  2.89326585E+01  4.62831655E+01  6.69793367E+01  8.88006844E+01  2.89326585E+01  4.62831655E+01
  4.530061498464E-02  6.41952300E+01  8.49438369E+01  2.62436251E+01  4.25515841E+01  6.41952300E+01  8.49438369E+01  2.62436251E+01  4.25515841E+01
  4.630061498464E-02  6.23926144E+01  8.12199958E+01  2.45011343E+01  3.89169882E+01  6.23926144E+01  8.12199958E+01  2.45011343E+01  3.89169882E+01
  4.730061498464E-02  6.30495846E+01  7.79392232E+01  2.52322786E+01  3.57143370E+01  6.30495846E+01  7.79392232E+01  2.52322786E+01  3.57143370E+01
  4.730061498464E-02  6.30495846E+01  7.79392232E+01  2.52322786E+01  3.57143370E+01  6.30495846E+01  7.79392232E+01  2.52322786E+01  3.57143370E+01
  4.830061498464E-02  6.40299524E+01  7.51080303E+01  2.63781706E+01  3.29403808E+01  6.40299524E+01  7.51080303E+01  2.63781706E+01  3.29403808E+01
  4.930061498464E-02  6.28503090E+01  7.27298433E+01  2.54655899E+01  3.06418061E+01  6.28503090E+01  7.27298433E+01  2.54655899E+01  3.06418061E+01
  5.030061498464E-02  6.05811683E+01  7.04135187E+01  2.35096605E+01  2.85036442E+01  6.05811683E+01  7.04135187E+01  2.35096605E+01  2.85036442E+01
  5.130061498464E-02  5.96093399E+01  6.80641958E+01  2.28347142E+01  2.64481085E+01  5.96093399E+01  6.80641958E+01  2.28347142E+01  2.64481085E+01
  5.230061498464E-02  6.00750230E+01  6.59033258E+01  2.35635358E+01  2.46258535E+01  6.00750230E+01  6.59033258E+01  2.35635358E+01  2.46258535E+01
  5.230061498464E-02  6.00750230E+01  6.59033258E+01  2.35635358E+01  2.46258535E+01  6.00750230E+01  6.59033258E+01  2.35635358E+01  2.46258535E+01
  5.330061498464E-02  6.00410445E+01  6.41267225E+01  2.38005251E+01  2.31489884E+01  6.00410445E+01  6.41267225E+01  2.38005251E+01  2.31489884E+01
  5.430061498464E-02  5.85775593E+01  6.26698445E+01  2.26640791E+01  2.19411899E+01  5.85775593E+01  6.26698445E+01  2.26640791E+01  2.19411899E+01
  5.530061498464E-02  5.70241303E+01  6.12094536E+01  2.14873133E+01  2.07368033E+01  5.70241303E+01  6.12094536E+01  2.14873133E+01  2.07368033E+01
  5.630061498464E-02  5.65639295E+01  5.97619346E+01  2.14091153E+01  1.95997949E+01  5.65639295E+01  5.97619346E+01  2.14091153E+01  1.95997949E+01
  5.730061498464E-02  5.66342209E+01  5.84698313E+01  2.18430418E+01  1.86643427E+01  5.66342209E+01  5.84698313E+01  2.18430418E+01  1.86643427E+01
  5.730061498464E-02  5.66341928E+01  5.84698313E+01  2.18430192E+01  1.86643427E+01  5.66341928E+01  5.84698313E+01  2.18430192E+01  1.86643427E+01
  5.830061498464E-02  5.59965671E+01  5.73946915E+01  2.15567340E+01  1.79567577E+01  5.59965671E+01  5.73946915E+01  2.15567340E+01  1.79567577E+01
  5.930061498464E-02  5.46830173E+01  5.63987346E+01  2.05886812E+01  1.73198251E+01  5.46830173E+01  5.63987346E+01  2.05886812E+01  1.73198251E+01
  6.030061498464E-02  5.37248904E+01  5.53894969E+01  1.99703808E+01  1.66601182E+01  5.37248904E+01  5.53894969E+01  1.99703808E+01  1.66601182E+01
  6.130061498464E-02  5.34747819E+01  5.44741087E+01  2.00597776E+01  1.60847303E+01  5.34747819E+01  5.44741087E+01  2.00597776E+01  1.60847303E+01
  6.230061498464E-02  5.32427222E+01  5.37376426E+01  2.01733861E+01  1.56773372E+01  5.32427222E+01  5.37376426E+01  2.01733861E+01  1.56773372E+01
  6.230061498464E-02  5.32456590E+01  5.37376426E+01  2.01748764E+01  1.56773372E+01  5.32456590E+01  5.37376426E+01  2.01748764E+01  1.56773372E+01
  6.330061498464E-02  5.24304527E+01  5.31269724E+01  1.97073104E+01  1.53906595E+01  5.24304527E+01  5.31269724E+01  1.97073104E+01  1.53906595E+01
  6.430061498464E-02  5.13928502E+01  5.25015587E+01  1.90126189E+01  1.50905660E+01  5.13928502E+01  5.25015587E+01  1.90126189E+01  1.50905660E+01
  6.530061498464E-02  5.07687630E+01  5.18613145E+01  1.87205674E+01  1.47791846E+01  5.07687630E+01  5.18613145E+01  1.87205674E+01  1.47791846E+01
  6.630061498464E-02  5.05220515E+01  5.13141785E+01  1.87955592E+01  1.45572921E+01  5.05220515E+01  5.13141785E+01  1.87955592E+01  1.45572921E+01
  6.730061498464E-02  5.01002035E+01  5.08945591E+01  1.86896200E+01  1.44511792E+01  5.01002035E+01  5.08945591E+01  1.86896200E+01  1.44511792E+01
  6.730061498464E-02  4.99846425E+01  5.08841610E+01  1.86619645E+01  1.44472673E+01  4.99846425E+01  5.08841610E+01  1.86619645E+01  1.44472673E+01
  6.830061498464E-02  4.92933022E+01  5.05570474E+01  1.82264410E+01  1.44038753E+01  4.92933022E+01  5.05570474E+01  1.82264410E+01  1.44038753E+01
  6.930061498464E-02  4.85048190E+01  5.01986437E+01  1.77406113E+01  1.43138426E+01  4.85048190E+01  5.01986437E+01  1.77406113E+01  1.43138426E+01
  7.030061498464E-02  4.79970589E+01  4.98455759E+01  1.75688793E+01  1.42261089E+01  4.79970589E+01  4.98455759E+01  1.75688793E+01  1.42261089E+01
  7.130061498464E-02  4.76445893E+01  4.95504576E+01  1.75598139E+01  1.42085458E+01  4.76445893E+01  4.95504576E+01  1.75598139E+01  1.42085458E+01
  7.230061498464E-02  4.71200026E+01  4.93082538E+01  1.73598833E+01  1.42603634E+01  4.71200026E+01  4.93082538E+01  1.73598833E+01  1.42603634E+01
  7.230061498464E-02  4.71200026E+01  4.93082538E+01  1.73598833E+01  1.42603634E+01  4.71200026E+01  4.93082538E+01  1.73598833E+01  1.42603634E+01
  7.330061498464E-02  4.64234294E+01  4.90721256E+01  1.69612785E+01  1.43244071E+01  4.64234294E+01  4.90721256E+01  1.69612785E+01  1.43244071E+01
  7.430061498464E-02  4.58322665E+01  4.88255451E+01  1.66531710E+01  1.43692578E+01  4.58322665E+01  4.88255451E+01  1.66531710E+01  1.43692578E+01
  7.530061498464E-02  4.54511174E+01  4.86023301E+01  1.65520181E+01  1.44236293E+01  4.54511174E+01  4.86023301E+01  1.65520181E+01  1.44236293E+01
